Release 14.7 - xst P.20131013 (nt64)
Copyright (c) 1995-2013 Xilinx, Inc.  All rights reserved.
--> Parameter TMPDIR set to xst/projnav.tmp


Total REAL time to Xst completion: 1.00 secs
Total CPU time to Xst completion: 0.34 secs
 
--> Parameter xsthdpdir set to xst


Total REAL time to Xst completion: 1.00 secs
Total CPU time to Xst completion: 0.34 secs
 
--> Reading design: addsub.prj

TABLE OF CONTENTS
  1) Synthesis Options Summary
  2) HDL Compilation
  3) Design Hierarchy Analysis
  4) HDL Analysis
  5) HDL Synthesis
     5.1) HDL Synthesis Report
  6) Advanced HDL Synthesis
     6.1) Advanced HDL Synthesis Report
  7) Low Level Synthesis
  8) Partition Report
  9) Final Report
	9.1) Device utilization summary
	9.2) Partition Resource Summary
	9.3) TIMING REPORT


=========================================================================
*                      Synthesis Options Summary                        *
=========================================================================
---- Source Parameters
Input File Name                    : "addsub.prj"
Input Format                       : mixed
Ignore Synthesis Constraint File   : NO

---- Target Parameters
Output File Name                   : "addsub"
Output Format                      : NGC
Target Device                      : xa3s250e-4-cpg132

---- Source Options
Top Module Name                    : addsub
Automatic FSM Extraction           : YES
FSM Encoding Algorithm             : Auto
Safe Implementation                : No
FSM Style                          : LUT
RAM Extraction                     : Yes
RAM Style                          : Auto
ROM Extraction                     : Yes
Mux Style                          : Auto
Decoder Extraction                 : YES
Priority Encoder Extraction        : Yes
Shift Register Extraction          : YES
Logical Shifter Extraction         : YES
XOR Collapsing                     : YES
ROM Style                          : Auto
Mux Extraction                     : Yes
Resource Sharing                   : YES
Asynchronous To Synchronous        : NO
Multiplier Style                   : Auto
Automatic Register Balancing       : No

---- Target Options
Add IO Buffers                     : YES
Global Maximum Fanout              : 500
Add Generic Clock Buffer(BUFG)     : 24
Register Duplication               : YES
Slice Packing                      : YES
Optimize Instantiated Primitives   : NO
Use Clock Enable                   : Yes
Use Synchronous Set                : Yes
Use Synchronous Reset              : Yes
Pack IO Registers into IOBs        : Auto
Equivalent register Removal        : YES

---- General Options
Optimization Goal                  : Speed
Optimization Effort                : 1
Keep Hierarchy                     : No
Netlist Hierarchy                  : As_Optimized
RTL Output                         : Yes
Global Optimization                : AllClockNets
Read Cores                         : YES
Write Timing Constraints           : NO
Cross Clock Analysis               : NO
Hierarchy Separator                : /
Bus Delimiter                      : <>
Case Specifier                     : Maintain
Slice Utilization Ratio            : 100
BRAM Utilization Ratio             : 100
Verilog 2001                       : YES
Auto BRAM Packing                  : NO
Slice Utilization Ratio Delta      : 5

=========================================================================


=========================================================================
*                          HDL Compilation                              *
=========================================================================
Compiling verilog file "test.v" in library work
Module <addsub> compiled
No errors in compilation
Analysis of file <"addsub.prj"> succeeded.
 

=========================================================================
*                     Design Hierarchy Analysis                         *
=========================================================================
Analyzing hierarchy for module <addsub> in library <work>.


=========================================================================
*                            HDL Analysis                               *
=========================================================================
Analyzing top module <addsub>.
Module <addsub> is correct for synthesis.
 

=========================================================================
*                           HDL Synthesis                               *
=========================================================================

Performing bidirectional port resolution...

Synthesizing Unit <addsub>.
    Related source file is "test.v".
    Found 8-bit xor2 for signal <b_compl>.
    Found 1-bit xor2 for signal <cin_compl>.
    Found 8-bit adder carry in/out for signal <s$addsub0000>.
    Summary:
	inferred   1 Adder/Subtractor(s).
Unit <addsub> synthesized.


=========================================================================
HDL Synthesis Report

Macro Statistics
# Adders/Subtractors                                   : 1
 8-bit adder carry in/out                              : 1
# Xors                                                 : 2
 1-bit xor2                                            : 1
 8-bit xor2                                            : 1

=========================================================================

=========================================================================
*                       Advanced HDL Synthesis                          *
=========================================================================


=========================================================================
Advanced HDL Synthesis Report

Macro Statistics
# Adders/Subtractors                                   : 1
 8-bit adder carry in/out                              : 1
# Xors                                                 : 2
 1-bit xor2                                            : 1
 8-bit xor2                                            : 1

=========================================================================

=========================================================================
*                         Low Level Synthesis                           *
=========================================================================

Optimizing unit <addsub> ...

Mapping all equations...
Building and optimizing final netlist ...
Found area constraint ratio of 100 (+ 5) on block addsub, actual ratio is 0.

Final Macro Processing ...

=========================================================================
Final Register Report

Found no macro
=========================================================================

=========================================================================
*                           Partition Report                            *
=========================================================================

Partition Implementation Status
-------------------------------

  No Partitions were found in this design.

-------------------------------

=========================================================================
*                            Final Report                               *
=========================================================================
Final Results
RTL Top Level Output File Name     : addsub.ngr
Top Level Output File Name         : addsub
Output Format                      : NGC
Optimization Goal                  : Speed
Keep Hierarchy                     : No

Design Statistics
# IOs                              : 27

Cell Usage :
# BELS                             : 25
#      LUT2                        : 1
#      LUT3                        : 8
#      MUXCY                       : 8
#      XORCY                       : 8
# IO Buffers                       : 27
#      IBUF                        : 18
#      OBUF                        : 9
=========================================================================

Device utilization summary:
---------------------------

Selected Device : xa3s250ecpg132-4 

 Number of Slices:                        5  out of   2448     0%  
 Number of 4 input LUTs:                  9  out of   4896     0%  
 Number of IOs:                          27
 Number of bonded IOBs:                  27  out of     92    29%  

---------------------------
Partition Resource Summary:
---------------------------

  No Partitions were found in this design.

---------------------------


=========================================================================
TIMING REPORT

NOTE: THESE TIMING NUMBERS ARE ONLY A SYNTHESIS ESTIMATE.
      FOR ACCURATE TIMING INFORMATION PLEASE REFER TO THE TRACE REPORT
      GENERATED AFTER PLACE-and-ROUTE.

Clock Information:
------------------
No clock signals found in this design

Asynchronous Control Signals Information:
----------------------------------------
No asynchronous control signals found in this design

Timing Summary:
---------------
Speed Grade: -4

   Minimum period: No path found
   Minimum input arrival time before clock: No path found
   Maximum output required time after clock: No path found
   Maximum combinational path delay: 8.246ns

Timing Detail:
--------------
All values displayed in nanoseconds (ns)

=========================================================================
Timing constraint: Default path analysis
  Total number of paths / destination ports: 186 / 9
-------------------------------------------------------------------------
Delay:               8.246ns (Levels of Logic = 11)
  Source:            add_sub (PAD)
  Destination:       sum<7> (PAD)

  Data Path: add_sub to sum<7>
                                Gate     Net
    Cell:in->out      fanout   Delay   Delay  Logical Name (Net Name)
    ----------------------------------------  ------------
     IBUF:I->O             9   1.218   0.995  add_sub_IBUF (add_sub_IBUF)
     LUT2:I0->O            1   0.704   0.420  Mxor_cin_compl_Result1 (cin_compl)
     MUXCY:CI->O           1   0.059   0.000  Madd_s_addsub0000_cy<0> (Madd_s_addsub0000_cy<0>)
     MUXCY:CI->O           1   0.059   0.000  Madd_s_addsub0000_cy<1> (Madd_s_addsub0000_cy<1>)
     MUXCY:CI->O           1   0.059   0.000  Madd_s_addsub0000_cy<2> (Madd_s_addsub0000_cy<2>)
     MUXCY:CI->O           1   0.059   0.000  Madd_s_addsub0000_cy<3> (Madd_s_addsub0000_cy<3>)
     MUXCY:CI->O           1   0.059   0.000  Madd_s_addsub0000_cy<4> (Madd_s_addsub0000_cy<4>)
     MUXCY:CI->O           1   0.059   0.000  Madd_s_addsub0000_cy<5> (Madd_s_addsub0000_cy<5>)
     MUXCY:CI->O           1   0.059   0.000  Madd_s_addsub0000_cy<6> (Madd_s_addsub0000_cy<6>)
     XORCY:CI->O           1   0.804   0.420  Madd_s_addsub0000_xor<7> (sum_7_OBUF)
     OBUF:I->O                 3.272          sum_7_OBUF (sum<7>)
    ----------------------------------------
    Total                      8.246ns (6.411ns logic, 1.835ns route)
                                       (77.7% logic, 22.3% route)

=========================================================================


Total REAL time to Xst completion: 13.00 secs
Total CPU time to Xst completion: 12.71 secs
 
--> 

Total memory usage is 4497240 kilobytes

Number of errors   :    0 (   0 filtered)
Number of warnings :    0 (   0 filtered)
Number of infos    :    0 (   0 filtered)

